{"level":"info","message":"Listen on port 3000","service":"user-service"}
{"level":"info","message":"Connected to the Database mongodb://localhost/cloth...","service":"user-service"}
{"level":"info","message":"Listen on port 3000","service":"user-service"}
{"level":"info","message":"Connected to the Database mongodb://localhost/cloth...","service":"user-service"}
{"level":"info","message":"Listen on port 3000","service":"user-service"}
{"level":"info","message":{},"service":"user-service"}
{"level":"info","message":"Listen on port 3000","service":"user-service"}
{"level":"info","message":{},"service":"user-service"}
{"level":"info","message":"Listen on port 3000","service":"user-service"}
{"level":"info","message":{},"service":"user-service"}
{"level":"info","message":"Listen on port 3000","service":"user-service"}
{"level":"info","message":"Connected to the Database mongodb://localhost:27017...","service":"user-service"}
{"level":"info","message":"Listen on port 3000","service":"user-service"}
{"level":"info","message":{},"service":"user-service"}
{"level":"info","message":"Listen on port 3000","service":"user-service"}
{"level":"info","message":{},"service":"user-service"}
{"level":"info","message":"Listen on port 3000","service":"user-service"}
{"level":"info","message":{},"service":"user-service"}
{"level":"info","message":"Listen on port 3000","service":"user-service"}
{"level":"info","message":"Connected to the Database mongodb://localhost:27017/cloth...","service":"user-service"}
{"level":"info","message":{},"service":"user-service"}
{"level":"info","message":{},"service":"user-service"}
{"level":"info","message":{},"service":"user-service"}
{"level":"info","message":{},"service":"user-service"}
{"level":"info","message":"Listen on port 3000","service":"user-service"}
{"level":"info","message":"Connected to the Database mongodb://localhost:27017/cloth...","service":"user-service"}
{"level":"info","message":"Listen on port 3000","service":"user-service"}
{"level":"info","message":"Connected to the Database mongodb://localhost:27017...","service":"user-service"}
{"level":"info","message":{},"service":"user-service"}
{"level":"info","message":{},"service":"user-service"}
{"level":"info","message":"Listen on port 3000","service":"user-service"}
{"level":"info","message":"Connected to the Database mongodb://localhost:27017...","service":"user-service"}
{"level":"info","message":{},"service":"user-service"}
{"level":"info","message":"Listen on port 3000","service":"user-service"}
{"level":"info","message":{},"service":"user-service"}
{"level":"info","message":"Listen on port 3000","service":"user-service"}
{"level":"info","message":{},"service":"user-service"}
{"level":"info","message":"Listen on port 3000","service":"user-service"}
{"level":"info","message":"Connected to the Database mongodb://localhost:27017/cloth...","service":"user-service"}
{"level":"info","message":"Listen on port 3000","service":"user-service"}
{"level":"info","message":"Connected to the Database mongodb://localhost:27017/cloth...","service":"user-service"}
{"level":"info","message":"Listen on port 3000","service":"user-service"}
{"level":"info","message":"Connected to the Database mongodb://localhost:27017/cloth...","service":"user-service"}
{"level":"info","message":"Listen on port 3000","service":"user-service"}
{"level":"info","message":"Connected to the Database mongodb://localhost:27017/cloth...","service":"user-service"}
